########### array before sorts ###########
0	48.260000	74.930000	113.030000	74.930000	n
1	113.030000	74.930000	114.300000	73.660000	n
2	114.300000	73.660000	114.300000	62.230000	n
3	114.300000	62.230000	116.840000	59.690000	n
4	116.840000	59.690000	116.840000	26.670000	n
5	116.840000	26.670000	114.300000	24.130000	n
6	114.300000	24.130000	114.300000	21.590000	n
7	114.300000	21.590000	48.260000	21.590000	n
8	48.260000	21.590000	48.260000	74.930000	n
Tolerance=0.050000.
*Exact match for i=0 and j=1.
*i point 48.260000	74.930000	113.030000	74.930000	y
*Exact match for i=1 and j=2.
*i point 113.030000	74.930000	114.300000	73.660000	y
*Exact match for i=2 and j=3.
*i point 114.300000	73.660000	114.300000	62.230000	y
*Exact match for i=3 and j=4.
*i point 114.300000	62.230000	116.840000	59.690000	y
*Exact match for i=4 and j=5.
*i point 116.840000	59.690000	116.840000	26.670000	y
*Exact match for i=5 and j=6.
*i point 116.840000	26.670000	114.300000	24.130000	y
*Exact match for i=6 and j=7.
*i point 114.300000	24.130000	114.300000	21.590000	y
*Exact match for i=7 and j=8.
*i point 114.300000	21.590000	48.260000	21.590000	y
########### array after sorts ###########
0	48.260000	74.930000	113.030000	74.930000	y
1	113.030000	74.930000	114.300000	73.660000	y
2	114.300000	73.660000	114.300000	62.230000	y
3	114.300000	62.230000	116.840000	59.690000	y
4	116.840000	59.690000	116.840000	26.670000	y
5	116.840000	26.670000	114.300000	24.130000	y
6	114.300000	24.130000	114.300000	21.590000	y
7	114.300000	21.590000	48.260000	21.590000	y
8	48.260000	21.590000	48.260000	74.930000	y
***************
.BOARD_OUTLINE UNOWNED
1.6
0     48.260000     74.930000     0
0     113.030000     74.930000     0
0     114.300000     73.660000     0
0     114.300000     62.230000     0
0     116.840000     59.690000     0
0     116.840000     26.670000     0
0     114.300000     24.130000     0
0     114.300000     21.590000     0
0     48.260000     21.590000     0
0     48.260000     74.930000     0
