 PATH path3364 FOUND 
 0) 0.00,0.00
    -7.38,7.38
    -33.00,-18.24
ERROR
    -31.74,-21.47
    -31.15,-28.51
    -33.16,-38.16
    -36.67,-41.67
    -45.88,-45.18
    -58.60,-45.18
    -62.11,-41.67
    -65.62,-32.46
    -65.62,-19.74
    -63.05,-17.17
    -56.75,-13.92
    -47.26,-11.85
    -47.27,-11.88
    -47.29,-11.93
    -47.31,-11.98
    -47.26,-11.93
ERROR
    -47.22,-11.95
    -47.13,-11.98
    -47.00,-12.03
    -21.38,13.59
    -49.62,41.83
ERROR
    -52.43,44.64
    -59.80,47.45
    -69.98,47.45
    -110.70,6.73
ERROR
    -113.51,3.92
    -116.32,-3.45
    -116.32,-13.63
    -109.22,-20.73
    -82.51,5.98
ERROR
    -83.77,9.21
    -84.36,16.25
    -82.35,25.90
    -78.84,29.41
    -69.63,32.92
    -56.91,32.92
    -53.40,29.41
    -49.89,20.20
    -49.89,7.48
    -52.50,4.87
    -58.92,1.59
    -68.57,-0.42
    -95.27,-27.12
    -95.25,-27.14
    -95.27,-27.16
    -72.41,-50.02
ERROR
    -72.70,-49.72
    -73.35,-49.05
    -74.45,-47.95
    -74.66,-47.75
    -75.07,-47.33
    -75.68,-46.68
    -68.30,-54.06
ERROR
    -65.49,-56.87
    -58.12,-59.68
    -47.94,-59.68
    -7.22,-18.96
ERROR
    -4.41,-16.15
    -1.60,-8.78
 PATH path3360 FOUND 
 1) 0.00,0.00
ERROR
    1.41,1.41
    2.82,5.09
    2.82,10.18
    1.41,11.59
    -2.27,13.00
    -7.36,13.00
    -8.77,11.59
    -10.18,7.90
    -10.18,2.81
    -8.77,1.40
    -5.08,-0.01
 PATH path3356 FOUND 
 2) 0.00,0.00
ERROR
    -1.41,-1.41
    -2.82,-5.09
    -2.82,-10.18
    -1.41,-11.59
    2.27,-13.00
    7.36,-13.00
    8.77,-11.59
    10.18,-7.90
    10.18,-2.81
    8.77,-1.40
    5.09,0.01
 PATH path3352 FOUND 
 3) 0.00,500.00
    500.00,0.00
    0.00,500.00

Object origin:
308.160000 279.840000

Eagle Command:
set wire_bend 2;
change layer tDocu;
set width 0;
poly (R -191.840000 220.160000) (R -199.220000 212.780000) (R -224.840000 238.400000) (R -223.580000 241.630000) (R -222.990000 248.670000) (R -225.000000 258.320000) (R -228.510000 261.830000) (R -237.720000 265.340000) (R -250.440000 265.340000) (R -253.950000 261.830000) (R -257.460000 252.620000) (R -257.460000 239.900000) (R -254.890000 237.330000) (R -248.590000 234.080000) (R -239.100000 232.010000) (R -239.110000 232.040000) (R -239.130000 232.090000) (R -239.150000 232.140000) (R -239.100000 232.090000) (R -239.060000 232.110000) (R -238.970000 232.140000) (R -238.840000 232.190000) (R -213.220000 206.570000) (R -241.460000 178.330000) (R -244.270000 175.520000) (R -251.640000 172.710000) (R -261.820000 172.710000) (R -302.540000 213.430000) (R -305.350000 216.240000) (R -308.160000 223.610000) (R -308.160000 233.790000) (R -301.060000 240.890000) (R -274.350000 214.180000) (R -275.610000 210.950000) (R -276.200000 203.910000) (R -274.190000 194.260000) (R -270.680000 190.750000) (R -261.470000 187.240000) (R -248.750000 187.240000) (R -245.240000 190.750000) (R -241.730000 199.960000) (R -241.730000 212.680000) (R -244.340000 215.290000) (R -250.760000 218.570000) (R -260.410000 220.580000) (R -287.110000 247.280000) (R -287.090000 247.300000) (R -287.110000 247.320000) (R -264.250000 270.180000) (R -264.540000 269.880000) (R -265.190000 269.210000) (R -266.290000 268.110000) (R -266.500000 267.910000) (R -266.910000 267.490000) (R -267.520000 266.840000) (R -260.140000 274.220000) (R -257.330000 277.030000) (R -249.960000 279.840000) (R -239.780000 279.840000) (R -199.060000 239.120000) (R -196.250000 236.310000) (R -193.440000 228.940000) (R -191.840000 220.160000);
poly (R -191.840000 220.160000) (R -190.430000 218.750000) (R -189.020000 215.070000) (R -189.020000 209.980000) (R -190.430000 208.570000) (R -194.110000 207.160000) (R -199.200000 207.160000) (R -200.610000 208.570000) (R -202.020000 212.260000) (R -202.020000 217.350000) (R -200.610000 218.760000) (R -196.920000 220.170000) (R -191.840000 220.160000);
poly (R -191.840000 220.160000) (R -193.250000 221.570000) (R -194.660000 225.250000) (R -194.660000 230.340000) (R -193.250000 231.750000) (R -189.570000 233.160000) (R -184.480000 233.160000) (R -183.070000 231.750000) (R -181.660000 228.060000) (R -181.660000 222.970000) (R -183.070000 221.560000) (R -186.750000 220.150000) (R -191.840000 220.160000);
poly (R -191.840000 -279.840000) (R 308.160000 220.160000) (R -191.840000 -279.840000) (R -191.840000 -279.840000);

